2024-06-21 10:12:37,700 INFO o.a.j.u.JMeterUtils: Setting Locale to en_EN
2024-06-21 10:12:37,720 INFO o.a.j.JMeter: Loading user properties from: /opt/homebrew/Cellar/jmeter/5.6.3/libexec/bin/user.properties
2024-06-21 10:12:37,721 INFO o.a.j.JMeter: Loading system properties from: /opt/homebrew/Cellar/jmeter/5.6.3/libexec/bin/system.properties
2024-06-21 10:12:37,724 INFO o.a.j.JMeter: Copyright (c) 1998-2024 The Apache Software Foundation
2024-06-21 10:12:37,725 INFO o.a.j.JMeter: Version 5.6.3
2024-06-21 10:12:37,725 INFO o.a.j.JMeter: java.version=21.0.2
2024-06-21 10:12:37,725 INFO o.a.j.JMeter: java.vm.name=OpenJDK 64-Bit Server VM
2024-06-21 10:12:37,725 INFO o.a.j.JMeter: os.name=Mac OS X
2024-06-21 10:12:37,725 INFO o.a.j.JMeter: os.arch=aarch64
2024-06-21 10:12:37,725 INFO o.a.j.JMeter: os.version=14.5
2024-06-21 10:12:37,725 INFO o.a.j.JMeter: file.encoding=UTF-8
2024-06-21 10:12:37,725 INFO o.a.j.JMeter: java.awt.headless=null
2024-06-21 10:12:37,725 INFO o.a.j.JMeter: Max memory     =1073741824
2024-06-21 10:12:37,725 INFO o.a.j.JMeter: Available Processors =8
2024-06-21 10:12:37,732 INFO o.a.j.JMeter: Default Locale=English (EN)
2024-06-21 10:12:37,732 INFO o.a.j.JMeter: JMeter  Locale=English (EN)
2024-06-21 10:12:37,732 INFO o.a.j.JMeter: JMeterHome=/opt/homebrew/Cellar/jmeter/5.6.3/libexec
2024-06-21 10:12:37,732 INFO o.a.j.JMeter: user.dir  =/Applications/XAMPP/xamppfiles/htdocs/MasterDataPLN2
2024-06-21 10:12:37,732 INFO o.a.j.JMeter: PWD       =/Applications/XAMPP/xamppfiles/htdocs/MasterDataPLN2
2024-06-21 10:12:37,733 INFO o.a.j.JMeter: IP: 127.0.0.1 Name: Aris-MacBook.local FullName: localhost
2024-06-21 10:12:37,741 INFO o.a.j.JMeter: Loaded icon properties from org/apache/jmeter/images/icon.properties
2024-06-21 10:12:38,171 INFO o.a.j.JMeterGuiLauncher: Setting LAF to: com.github.weisj.darklaf.DarkLaf:com.github.weisj.darklaf.theme.DarculaTheme
2024-06-21 10:12:39,594 INFO o.a.j.r.ClassFinder: Will scan jar /opt/homebrew/Cellar/jmeter/5.6.3/libexec/lib/ext/awsmeter-3.0.0.jar with filter ExtendsClassFilter [parents=[interface org.apache.jmeter.gui.action.Command], inner=false, contains=null, notContains=null]. Consider exposing JMeter plugins via META-INF/services, and add JMeter-Skip-Class-Scanning=true manifest attribute so JMeter can skip classfile scanning
2024-06-21 10:12:40,202 INFO o.a.j.r.ClassFinder: Will scan jar /opt/homebrew/Cellar/jmeter/5.6.3/libexec/lib/ext/jmeter-plugins-manager-1.10.jar with filter ExtendsClassFilter [parents=[interface org.apache.jmeter.gui.action.Command], inner=false, contains=null, notContains=null]. Consider exposing JMeter plugins via META-INF/services, and add JMeter-Skip-Class-Scanning=true manifest attribute so JMeter can skip classfile scanning
2024-06-21 10:12:40,272 INFO o.a.j.r.ClassFinder: Will scan jar /opt/homebrew/Cellar/jmeter/5.6.3/libexec/lib/ext/awsmeter-3.0.0.jar with filter ExtendsClassFilter [parents=[interface org.apache.jmeter.gui.plugin.MenuCreator], inner=false, contains=null, notContains=null]. Consider exposing JMeter plugins via META-INF/services, and add JMeter-Skip-Class-Scanning=true manifest attribute so JMeter can skip classfile scanning
2024-06-21 10:12:40,283 INFO o.a.j.r.ClassFinder: Will scan jar /opt/homebrew/Cellar/jmeter/5.6.3/libexec/lib/ext/jmeter-plugins-manager-1.10.jar with filter ExtendsClassFilter [parents=[interface org.apache.jmeter.gui.plugin.MenuCreator], inner=false, contains=null, notContains=null]. Consider exposing JMeter plugins via META-INF/services, and add JMeter-Skip-Class-Scanning=true manifest attribute so JMeter can skip classfile scanning
2024-06-21 10:12:40,335 INFO o.j.r.JARSourceHTTP: Requesting https://jmeter-plugins.org/repo/?installID=mac_os_x-c322ece71ac0b70dacc767b3ef557e92-gui
2024-06-21 10:12:43,110 INFO o.j.r.PluginManager: Plugins Status: [awsmeter=3.0.0, jpgc-plugins-manager=1.10, jmeter-core=5.6.3, jmeter-ftp=5.6.3, jmeter-http=5.6.3, jmeter-jdbc=5.6.3, jmeter-jms=5.6.3, jmeter-junit=5.6.3, jmeter-java=5.6.3, jmeter-ldap=5.6.3, jmeter-mail=5.6.3, jmeter-mongodb=5.6.3, jmeter-native=5.6.3, jmeter-tcp=5.6.3, jmeter-components=5.6.3]
2024-06-21 10:12:52,595 INFO o.a.j.s.FileServer: Default base='/Applications/XAMPP/xamppfiles/htdocs/MasterDataPLN2'
2024-06-21 10:12:52,597 INFO o.a.j.g.a.Load: Loading file: /Users/PENS/AWS API PT Tim.jmx
2024-06-21 10:12:52,597 INFO o.a.j.s.FileServer: Set new base='/Users/PENS'
2024-06-21 10:12:52,700 INFO o.a.j.s.SaveService: Testplan (JMX) version: 2.2. Testlog (JTL) version: 2.2
2024-06-21 10:12:52,704 INFO o.a.j.s.SaveService: Using SaveService properties version 5.0
2024-06-21 10:12:52,705 INFO o.a.j.s.SaveService: Using SaveService properties file encoding UTF-8
2024-06-21 10:12:52,707 INFO o.a.j.s.SaveService: Loading file: /Users/PENS/AWS API PT Tim.jmx
2024-06-21 10:12:52,754 INFO o.a.j.p.h.s.HTTPSamplerBase: Parser for text/html is org.apache.jmeter.protocol.http.parser.LagartoBasedHtmlParser
2024-06-21 10:12:52,754 INFO o.a.j.p.h.s.HTTPSamplerBase: Parser for application/xhtml+xml is org.apache.jmeter.protocol.http.parser.LagartoBasedHtmlParser
2024-06-21 10:12:52,755 INFO o.a.j.p.h.s.HTTPSamplerBase: Parser for application/xml is org.apache.jmeter.protocol.http.parser.LagartoBasedHtmlParser
2024-06-21 10:12:52,755 INFO o.a.j.p.h.s.HTTPSamplerBase: Parser for text/xml is org.apache.jmeter.protocol.http.parser.LagartoBasedHtmlParser
2024-06-21 10:12:52,755 INFO o.a.j.p.h.s.HTTPSamplerBase: Parser for text/vnd.wap.wml is org.apache.jmeter.protocol.http.parser.RegexpHTMLParser
2024-06-21 10:12:52,755 INFO o.a.j.p.h.s.HTTPSamplerBase: Parser for text/css is org.apache.jmeter.protocol.http.parser.CssParser
2024-06-21 10:12:52,886 INFO o.a.j.s.SampleResult: Note: Sample TimeStamps are START times
2024-06-21 10:12:52,886 INFO o.a.j.s.SampleResult: sampleresult.default.encoding is set to UTF-8
2024-06-21 10:12:52,886 INFO o.a.j.s.SampleResult: sampleresult.useNanoTime=true
2024-06-21 10:12:52,886 INFO o.a.j.s.SampleResult: sampleresult.nanoThreadSleep=5000
2024-06-21 10:12:52,909 INFO o.a.j.r.ClassFinder: Will scan jar /opt/homebrew/Cellar/jmeter/5.6.3/libexec/lib/ext/awsmeter-3.0.0.jar with filter ExtendsClassFilter [parents=[interface org.apache.jmeter.visualizers.ResultRenderer], inner=false, contains=null, notContains=null]. Consider exposing JMeter plugins via META-INF/services, and add JMeter-Skip-Class-Scanning=true manifest attribute so JMeter can skip classfile scanning
2024-06-21 10:12:52,929 INFO o.a.j.r.ClassFinder: Will scan jar /opt/homebrew/Cellar/jmeter/5.6.3/libexec/lib/ext/jmeter-plugins-manager-1.10.jar with filter ExtendsClassFilter [parents=[interface org.apache.jmeter.visualizers.ResultRenderer], inner=false, contains=null, notContains=null]. Consider exposing JMeter plugins via META-INF/services, and add JMeter-Skip-Class-Scanning=true manifest attribute so JMeter can skip classfile scanning
2024-06-21 10:12:52,944 INFO o.a.j.r.ClassFinder: Will scan jar /opt/homebrew/Cellar/jmeter/5.6.3/libexec/lib/ext/awsmeter-3.0.0.jar with filter ExtendsClassFilter [parents=[interface org.apache.jmeter.visualizers.RequestView], inner=false, contains=null, notContains=null]. Consider exposing JMeter plugins via META-INF/services, and add JMeter-Skip-Class-Scanning=true manifest attribute so JMeter can skip classfile scanning
2024-06-21 10:12:52,957 INFO o.a.j.r.ClassFinder: Will scan jar /opt/homebrew/Cellar/jmeter/5.6.3/libexec/lib/ext/jmeter-plugins-manager-1.10.jar with filter ExtendsClassFilter [parents=[interface org.apache.jmeter.visualizers.RequestView], inner=false, contains=null, notContains=null]. Consider exposing JMeter plugins via META-INF/services, and add JMeter-Skip-Class-Scanning=true manifest attribute so JMeter can skip classfile scanning
2024-06-21 10:12:52,988 INFO o.a.j.s.FileServer: Set new base='/Users/PENS'
